<?xml version="1.0" encoding="UTF-8"?>
<!-- Generated by org.testng.reporters.JUnitReportReporter -->
<testsuite hostname="DESKTOP-IK4EE2E" name="test.example" tests="1" failures="0" timestamp="27 Jan 2020 20:52:26 GMT" time="0.006" errors="0">
  <testcase name="test" time="0.006" classname="test.example"/>
</testsuite> <!-- test.example -->
